# JRE version: Java(TM) SE Runtime Environment (8.0_211-b12) (build 1.8.0_211-b12)
# Java VM: Java HotSpot(TM) 64-Bit Server VM (25.211-b12 mixed mode windows-amd64 compressed oops)
Heap:
 PSYoungGen      total 16896K, used 3306K [0x00000000edf80000, 0x00000000ef200000, 0x0000000100000000)
  eden space 14848K, 22% used [0x00000000edf80000,0x00000000ee2ba938,0x00000000eee00000)
  from space 2048K, 0% used [0x00000000ef000000,0x00000000ef000000,0x00000000ef200000)
  to   space 2048K, 0% used [0x00000000eee00000,0x00000000eee00000,0x00000000ef000000)
 ParOldGen       total 33792K, used 7909K [0x00000000c9e00000, 0x00000000cbf00000, 0x00000000edf80000)
  object space 33792K, 23% used [0x00000000c9e00000,0x00000000ca5b9540,0x00000000cbf00000)
 Metaspace       used 21779K, capacity 22275K, committed 22448K, reserved 1073152K
  class space    used 2647K, capacity 2760K, committed 2816K, reserved 1048576K
GC Heap History (10 events):
Event: 2.070 GC heap before
{Heap before GC invocations=3 (full 0):
 PSYoungGen      total 16896K, used 16866K [0x00000000edf80000, 0x00000000ef200000, 0x0000000100000000)
  eden space 14848K, 100% used [0x00000000edf80000,0x00000000eee00000,0x00000000eee00000)
  from space 2048K, 98% used [0x00000000ef000000,0x00000000ef1f8998,0x00000000ef200000)
  to   space 2048K, 0% used [0x00000000eee00000,0x00000000eee00000,0x00000000ef000000)
 ParOldGen       total 38400K, used 3886K [0x00000000c9e00000, 0x00000000cc380000, 0x00000000edf80000)
  object space 38400K, 10% used [0x00000000c9e00000,0x00000000ca1cb850,0x00000000cc380000)
 Metaspace       used 11460K, capacity 11666K, committed 11904K, reserved 1060864K
  class space    used 1269K, capacity 1349K, committed 1408K, reserved 1048576K
Event: 2.078 GC heap after
Heap after GC invocations=3 (full 0):
 PSYoungGen      total 16896K, used 2048K [0x00000000edf80000, 0x00000000ef200000, 0x0000000100000000)
  eden space 14848K, 0% used [0x00000000edf80000,0x00000000edf80000,0x00000000eee00000)
  from space 2048K, 100% used [0x00000000eee00000,0x00000000ef000000,0x00000000ef000000)
  to   space 2048K, 0% used [0x00000000ef000000,0x00000000ef000000,0x00000000ef200000)
 ParOldGen       total 38400K, used 7316K [0x00000000c9e00000, 0x00000000cc380000, 0x00000000edf80000)
  object space 38400K, 19% used [0x00000000c9e00000,0x00000000ca525228,0x00000000cc380000)
 Metaspace       used 11460K, capacity 11666K, committed 11904K, reserved 1060864K
  class space    used 1269K, capacity 1349K, committed 1408K, reserved 1048576K
}
Event: 2.602 GC heap before
{Heap before GC invocations=4 (full 0):
 PSYoungGen      total 16896K, used 16896K [0x00000000edf80000, 0x00000000ef200000, 0x0000000100000000)
  eden space 14848K, 100% used [0x00000000edf80000,0x00000000eee00000,0x00000000eee00000)
  from space 2048K, 100% used [0x00000000eee00000,0x00000000ef000000,0x00000000ef000000)
  to   space 2048K, 0% used [0x00000000ef000000,0x00000000ef000000,0x00000000ef200000)
 ParOldGen       total 38400K, used 7316K [0x00000000c9e00000, 0x00000000cc380000, 0x00000000edf80000)
  object space 38400K, 19% used [0x00000000c9e00000,0x00000000ca525228,0x00000000cc380000)
 Metaspace       used 14277K, capacity 14512K, committed 14592K, reserved 1062912K
  class space    used 1669K, capacity 1756K, committed 1792K, reserved 1048576K
Event: 2.610 GC heap after
Heap after GC invocations=4 (full 0):
 PSYoungGen      total 16896K, used 2032K [0x00000000edf80000, 0x00000000ef200000, 0x0000000100000000)
  eden space 14848K, 0% used [0x00000000edf80000,0x00000000edf80000,0x00000000eee00000)
  from space 2048K, 99% used [0x00000000ef000000,0x00000000ef1fc010,0x00000000ef200000)
  to   space 2048K, 0% used [0x00000000eee00000,0x00000000eee00000,0x00000000ef000000)
 ParOldGen       total 38400K, used 10771K [0x00000000c9e00000, 0x00000000cc380000, 0x00000000edf80000)
  object space 38400K, 28% used [0x00000000c9e00000,0x00000000ca884dc8,0x00000000cc380000)
 Metaspace       used 14277K, capacity 14512K, committed 14592K, reserved 1062912K
  class space    used 1669K, capacity 1756K, committed 1792K, reserved 1048576K
}
Event: 3.093 GC heap before
{Heap before GC invocations=5 (full 0):
 PSYoungGen      total 16896K, used 16880K [0x00000000edf80000, 0x00000000ef200000, 0x0000000100000000)
  eden space 14848K, 100% used [0x00000000edf80000,0x00000000eee00000,0x00000000eee00000)
  from space 2048K, 99% used [0x00000000ef000000,0x00000000ef1fc010,0x00000000ef200000)
  to   space 2048K, 0% used [0x00000000eee00000,0x00000000eee00000,0x00000000ef000000)
 ParOldGen       total 38400K, used 10771K [0x00000000c9e00000, 0x00000000cc380000, 0x00000000edf80000)
  object space 38400K, 28% used [0x00000000c9e00000,0x00000000ca884dc8,0x00000000cc380000)
 Metaspace       used 18107K, capacity 18476K, committed 18688K, reserved 1067008K
  class space    used 2142K, capacity 2246K, committed 2304K, reserved 1048576K
Event: 3.103 GC heap after
Heap after GC invocations=5 (full 0):
 PSYoungGen      total 16896K, used 2048K [0x00000000edf80000, 0x00000000ef200000, 0x0000000100000000)
  eden space 14848K, 0% used [0x00000000edf80000,0x00000000edf80000,0x00000000eee00000)
  from space 2048K, 100% used [0x00000000eee00000,0x00000000ef000000,0x00000000ef000000)
  to   space 2048K, 0% used [0x00000000ef000000,0x00000000ef000000,0x00000000ef200000)
 ParOldGen       total 38400K, used 14123K [0x00000000c9e00000, 0x00000000cc380000, 0x00000000edf80000)
  object space 38400K, 36% used [0x00000000c9e00000,0x00000000cabcaca8,0x00000000cc380000)
 Metaspace       used 18107K, capacity 18476K, committed 18688K, reserved 1067008K
  class space    used 2142K, capacity 2246K, committed 2304K, reserved 1048576K
}
Event: 3.500 GC heap before
{Heap before GC invocations=6 (full 0):
 PSYoungGen      total 16896K, used 12997K [0x00000000edf80000, 0x00000000ef200000, 0x0000000100000000)
  eden space 14848K, 73% used [0x00000000edf80000,0x00000000eea316e8,0x00000000eee00000)
  from space 2048K, 100% used [0x00000000eee00000,0x00000000ef000000,0x00000000ef000000)
  to   space 2048K, 0% used [0x00000000ef000000,0x00000000ef000000,0x00000000ef200000)
 ParOldGen       total 38400K, used 14123K [0x00000000c9e00000, 0x00000000cc380000, 0x00000000edf80000)
  object space 38400K, 36% used [0x00000000c9e00000,0x00000000cabcaca8,0x00000000cc380000)
 Metaspace       used 20751K, capacity 21137K, committed 21296K, reserved 1071104K
  class space    used 2489K, capacity 2619K, committed 2688K, reserved 1048576K
Event: 3.507 GC heap after
Heap after GC invocations=6 (full 0):
 PSYoungGen      total 16896K, used 2048K [0x00000000edf80000, 0x00000000ef200000, 0x0000000100000000)
  eden space 14848K, 0% used [0x00000000edf80000,0x00000000edf80000,0x00000000eee00000)
  from space 2048K, 100% used [0x00000000ef000000,0x00000000ef200000,0x00000000ef200000)
  to   space 2048K, 0% used [0x00000000eee00000,0x00000000eee00000,0x00000000ef000000)
 ParOldGen       total 38400K, used 16756K [0x00000000c9e00000, 0x00000000cc380000, 0x00000000edf80000)
  object space 38400K, 43% used [0x00000000c9e00000,0x00000000cae5d2d8,0x00000000cc380000)
 Metaspace       used 20751K, capacity 21137K, committed 21296K, reserved 1071104K
  class space    used 2489K, capacity 2619K, committed 2688K, reserved 1048576K
}
Event: 3.507 GC heap before
{Heap before GC invocations=7 (full 1):
 PSYoungGen      total 16896K, used 2048K [0x00000000edf80000, 0x00000000ef200000, 0x0000000100000000)
  eden space 14848K, 0% used [0x00000000edf80000,0x00000000edf80000,0x00000000eee00000)
  from space 2048K, 100% used [0x00000000ef000000,0x00000000ef200000,0x00000000ef200000)
  to   space 2048K, 0% used [0x00000000eee00000,0x00000000eee00000,0x00000000ef000000)
 ParOldGen       total 38400K, used 16756K [0x00000000c9e00000, 0x00000000cc380000, 0x00000000edf80000)
  object space 38400K, 43% used [0x00000000c9e00000,0x00000000cae5d2d8,0x00000000cc380000)
 Metaspace       used 20751K, capacity 21137K, committed 21296K, reserved 1071104K
  class space    used 2489K, capacity 2619K, committed 2688K, reserved 1048576K
Event: 3.549 GC heap after
Heap after GC invocations=7 (full 1):
 PSYoungGen      total 16896K, used 0K [0x00000000edf80000, 0x00000000ef200000, 0x0000000100000000)
  eden space 14848K, 0% used [0x00000000edf80000,0x00000000edf80000,0x00000000eee00000)
  from space 2048K, 0% used [0x00000000ef000000,0x00000000ef000000,0x00000000ef200000)
  to   space 2048K, 0% used [0x00000000eee00000,0x00000000eee00000,0x00000000ef000000)
 ParOldGen       total 33792K, used 7909K [0x00000000c9e00000, 0x00000000cbf00000, 0x00000000edf80000)
  object space 33792K, 23% used [0x00000000c9e00000,0x00000000ca5b9540,0x00000000cbf00000)
 Metaspace       used 20751K, capacity 21137K, committed 21296K, reserved 1071104K
  class space    used 2489K, capacity 2619K, committed 2688K, reserved 1048576K
}

