# JRE version: Java(TM) SE Runtime Environment (8.0_211-b12) (build 1.8.0_211-b12)
# Java VM: Java HotSpot(TM) 64-Bit Server VM (25.211-b12 mixed mode windows-amd64 compressed oops)
Heap:
 PSYoungGen      total 72704K, used 13120K [0x00000000edf80000, 0x00000000f3480000, 0x0000000100000000)
  eden space 59392K, 22% used [0x00000000edf80000,0x00000000eec50068,0x00000000f1980000)
  from space 13312K, 0% used [0x00000000f2780000,0x00000000f2780000,0x00000000f3480000)
  to   space 13824K, 0% used [0x00000000f1980000,0x00000000f1980000,0x00000000f2700000)
 ParOldGen       total 38400K, used 25657K [0x00000000c9e00000, 0x00000000cc380000, 0x00000000edf80000)
  object space 38400K, 66% used [0x00000000c9e00000,0x00000000cb70e628,0x00000000cc380000)
 Metaspace       used 24028K, capacity 24480K, committed 24576K, reserved 1071104K
  class space    used 3157K, capacity 3302K, committed 3328K, reserved 1048576K
GC Heap History (10 events):
Event: 1.520 GC heap before
{Heap before GC invocations=3 (full 0):
 PSYoungGen      total 16896K, used 16895K [0x00000000edf80000, 0x00000000f0080000, 0x0000000100000000)
  eden space 14848K, 100% used [0x00000000edf80000,0x00000000eee00000,0x00000000eee00000)
  from space 2048K, 99% used [0x00000000ef000000,0x00000000ef1fffb8,0x00000000ef200000)
  to   space 2048K, 0% used [0x00000000eee00000,0x00000000eee00000,0x00000000ef000000)
 ParOldGen       total 38400K, used 3867K [0x00000000c9e00000, 0x00000000cc380000, 0x00000000edf80000)
  object space 38400K, 10% used [0x00000000c9e00000,0x00000000ca1c6d30,0x00000000cc380000)
 Metaspace       used 10680K, capacity 11466K, committed 11776K, reserved 1060864K
  class space    used 1177K, capacity 1241K, committed 1280K, reserved 1048576K
Event: 1.527 GC heap after
Heap after GC invocations=3 (full 0):
 PSYoungGen      total 16896K, used 2016K [0x00000000edf80000, 0x00000000f0080000, 0x0000000100000000)
  eden space 14848K, 0% used [0x00000000edf80000,0x00000000edf80000,0x00000000eee00000)
  from space 2048K, 98% used [0x00000000eee00000,0x00000000eeff8020,0x00000000ef000000)
  to   space 2048K, 0% used [0x00000000efe80000,0x00000000efe80000,0x00000000f0080000)
 ParOldGen       total 38400K, used 7358K [0x00000000c9e00000, 0x00000000cc380000, 0x00000000edf80000)
  object space 38400K, 19% used [0x00000000c9e00000,0x00000000ca52f868,0x00000000cc380000)
 Metaspace       used 10680K, capacity 11466K, committed 11776K, reserved 1060864K
  class space    used 1177K, capacity 1241K, committed 1280K, reserved 1048576K
}
Event: 1.941 GC heap before
{Heap before GC invocations=4 (full 0):
 PSYoungGen      total 16896K, used 16864K [0x00000000edf80000, 0x00000000f0080000, 0x0000000100000000)
  eden space 14848K, 100% used [0x00000000edf80000,0x00000000eee00000,0x00000000eee00000)
  from space 2048K, 98% used [0x00000000eee00000,0x00000000eeff8020,0x00000000ef000000)
  to   space 2048K, 0% used [0x00000000efe80000,0x00000000efe80000,0x00000000f0080000)
 ParOldGen       total 38400K, used 7358K [0x00000000c9e00000, 0x00000000cc380000, 0x00000000edf80000)
  object space 38400K, 19% used [0x00000000c9e00000,0x00000000ca52f868,0x00000000cc380000)
 Metaspace       used 14325K, capacity 14592K, committed 14848K, reserved 1062912K
  class space    used 1645K, capacity 1718K, committed 1792K, reserved 1048576K
Event: 1.950 GC heap after
Heap after GC invocations=4 (full 0):
 PSYoungGen      total 31744K, used 2041K [0x00000000edf80000, 0x00000000f0080000, 0x0000000100000000)
  eden space 29696K, 0% used [0x00000000edf80000,0x00000000edf80000,0x00000000efc80000)
  from space 2048K, 99% used [0x00000000efe80000,0x00000000f007e600,0x00000000f0080000)
  to   space 2048K, 0% used [0x00000000efc80000,0x00000000efc80000,0x00000000efe80000)
 ParOldGen       total 38400K, used 10386K [0x00000000c9e00000, 0x00000000cc380000, 0x00000000edf80000)
  object space 38400K, 27% used [0x00000000c9e00000,0x00000000ca8248e8,0x00000000cc380000)
 Metaspace       used 14325K, capacity 14592K, committed 14848K, reserved 1062912K
  class space    used 1645K, capacity 1718K, committed 1792K, reserved 1048576K
}
Event: 2.802 GC heap before
{Heap before GC invocations=5 (full 0):
 PSYoungGen      total 31744K, used 31737K [0x00000000edf80000, 0x00000000f0080000, 0x0000000100000000)
  eden space 29696K, 100% used [0x00000000edf80000,0x00000000efc80000,0x00000000efc80000)
  from space 2048K, 99% used [0x00000000efe80000,0x00000000f007e600,0x00000000f0080000)
  to   space 2048K, 0% used [0x00000000efc80000,0x00000000efc80000,0x00000000efe80000)
 ParOldGen       total 38400K, used 10386K [0x00000000c9e00000, 0x00000000cc380000, 0x00000000edf80000)
  object space 38400K, 27% used [0x00000000c9e00000,0x00000000ca8248e8,0x00000000cc380000)
 Metaspace       used 19867K, capacity 20198K, committed 20480K, reserved 1067008K
  class space    used 2326K, capacity 2437K, committed 2560K, reserved 1048576K
Event: 2.821 GC heap after
Heap after GC invocations=5 (full 0):
 PSYoungGen      total 31744K, used 2032K [0x00000000edf80000, 0x00000000f3580000, 0x0000000100000000)
  eden space 29696K, 0% used [0x00000000edf80000,0x00000000edf80000,0x00000000efc80000)
  from space 2048K, 99% used [0x00000000efc80000,0x00000000efe7c020,0x00000000efe80000)
  to   space 14336K, 0% used [0x00000000f2780000,0x00000000f2780000,0x00000000f3580000)
 ParOldGen       total 38400K, used 25444K [0x00000000c9e00000, 0x00000000cc380000, 0x00000000edf80000)
  object space 38400K, 66% used [0x00000000c9e00000,0x00000000cb6d9188,0x00000000cc380000)
 Metaspace       used 19867K, capacity 20198K, committed 20480K, reserved 1067008K
  class space    used 2326K, capacity 2437K, committed 2560K, reserved 1048576K
}
Event: 3.015 GC heap before
{Heap before GC invocations=6 (full 0):
 PSYoungGen      total 31744K, used 11528K [0x00000000edf80000, 0x00000000f3580000, 0x0000000100000000)
  eden space 29696K, 31% used [0x00000000edf80000,0x00000000ee8c6270,0x00000000efc80000)
  from space 2048K, 99% used [0x00000000efc80000,0x00000000efe7c020,0x00000000efe80000)
  to   space 14336K, 0% used [0x00000000f2780000,0x00000000f2780000,0x00000000f3580000)
 ParOldGen       total 38400K, used 25444K [0x00000000c9e00000, 0x00000000cc380000, 0x00000000edf80000)
  object space 38400K, 66% used [0x00000000c9e00000,0x00000000cb6d9188,0x00000000cc380000)
 Metaspace       used 20737K, capacity 21120K, committed 21248K, reserved 1069056K
  class space    used 2429K, capacity 2548K, committed 2560K, reserved 1048576K
Event: 3.027 GC heap after
Heap after GC invocations=6 (full 0):
 PSYoungGen      total 72704K, used 6297K [0x00000000edf80000, 0x00000000f3480000, 0x0000000100000000)
  eden space 59392K, 0% used [0x00000000edf80000,0x00000000edf80000,0x00000000f1980000)
  from space 13312K, 47% used [0x00000000f2780000,0x00000000f2da6420,0x00000000f3480000)
  to   space 13824K, 0% used [0x00000000f1980000,0x00000000f1980000,0x00000000f2700000)
 ParOldGen       total 38400K, used 25444K [0x00000000c9e00000, 0x00000000cc380000, 0x00000000edf80000)
  object space 38400K, 66% used [0x00000000c9e00000,0x00000000cb6d9188,0x00000000cc380000)
 Metaspace       used 20737K, capacity 21120K, committed 21248K, reserved 1069056K
  class space    used 2429K, capacity 2548K, committed 2560K, reserved 1048576K
}
Event: 3.027 GC heap before
{Heap before GC invocations=7 (full 1):
 PSYoungGen      total 72704K, used 6297K [0x00000000edf80000, 0x00000000f3480000, 0x0000000100000000)
  eden space 59392K, 0% used [0x00000000edf80000,0x00000000edf80000,0x00000000f1980000)
  from space 13312K, 47% used [0x00000000f2780000,0x00000000f2da6420,0x00000000f3480000)
  to   space 13824K, 0% used [0x00000000f1980000,0x00000000f1980000,0x00000000f2700000)
 ParOldGen       total 38400K, used 25444K [0x00000000c9e00000, 0x00000000cc380000, 0x00000000edf80000)
  object space 38400K, 66% used [0x00000000c9e00000,0x00000000cb6d9188,0x00000000cc380000)
 Metaspace       used 20737K, capacity 21120K, committed 21248K, reserved 1069056K
  class space    used 2429K, capacity 2548K, committed 2560K, reserved 1048576K
Event: 3.160 GC heap after
Heap after GC invocations=7 (full 1):
 PSYoungGen      total 72704K, used 0K [0x00000000edf80000, 0x00000000f3480000, 0x0000000100000000)
  eden space 59392K, 0% used [0x00000000edf80000,0x00000000edf80000,0x00000000f1980000)
  from space 13312K, 0% used [0x00000000f2780000,0x00000000f2780000,0x00000000f3480000)
  to   space 13824K, 0% used [0x00000000f1980000,0x00000000f1980000,0x00000000f2700000)
 ParOldGen       total 38400K, used 25657K [0x00000000c9e00000, 0x00000000cc380000, 0x00000000edf80000)
  object space 38400K, 66% used [0x00000000c9e00000,0x00000000cb70e628,0x00000000cc380000)
 Metaspace       used 20737K, capacity 21120K, committed 21248K, reserved 1069056K
  class space    used 2429K, capacity 2548K, committed 2560K, reserved 1048576K
}

