# JRE version: Java(TM) SE Runtime Environment (8.0_211-b12) (build 1.8.0_211-b12)
# Java VM: Java HotSpot(TM) 64-Bit Server VM (25.211-b12 mixed mode windows-amd64 compressed oops)
Heap:
 PSYoungGen      total 96768K, used 82535K [0x00000000edf80000, 0x00000000f5500000, 0x0000000100000000)
  eden space 76288K, 81% used [0x00000000edf80000,0x00000000f1c1bbd8,0x00000000f2a00000)
  from space 20480K, 99% used [0x00000000f2a00000,0x00000000f3dfe260,0x00000000f3e00000)
  to   space 16896K, 0% used [0x00000000f3e00000,0x00000000f3e00000,0x00000000f4e80000)
 ParOldGen       total 62464K, used 30499K [0x00000000c9e00000, 0x00000000cdb00000, 0x00000000edf80000)
  object space 62464K, 48% used [0x00000000c9e00000,0x00000000cbbc8d30,0x00000000cdb00000)
 Metaspace       used 48765K, capacity 49656K, committed 49920K, reserved 1093632K
  class space    used 5850K, capacity 6047K, committed 6144K, reserved 1048576K
GC Heap History (10 events):
Event: 7.679 GC heap before
{Heap before GC invocations=9 (full 1):
 PSYoungGen      total 66048K, used 26167K [0x00000000edf80000, 0x00000000f3a00000, 0x0000000100000000)
  eden space 57344K, 30% used [0x00000000edf80000,0x00000000ef095340,0x00000000f1780000)
  from space 8704K, 99% used [0x00000000f1780000,0x00000000f1ff8c70,0x00000000f2000000)
  to   space 13824K, 0% used [0x00000000f2c80000,0x00000000f2c80000,0x00000000f3a00000)
 ParOldGen       total 39424K, used 18543K [0x00000000c9e00000, 0x00000000cc480000, 0x00000000edf80000)
  object space 39424K, 47% used [0x00000000c9e00000,0x00000000cb01bfe8,0x00000000cc480000)
 Metaspace       used 34808K, capacity 35298K, committed 35496K, reserved 1081344K
  class space    used 4460K, capacity 4606K, committed 4608K, reserved 1048576K
Event: 7.695 GC heap after
Heap after GC invocations=9 (full 1):
 PSYoungGen      total 76800K, used 13149K [0x00000000edf80000, 0x00000000f5180000, 0x0000000100000000)
  eden space 62976K, 0% used [0x00000000edf80000,0x00000000edf80000,0x00000000f1d00000)
  from space 13824K, 95% used [0x00000000f2c80000,0x00000000f3957410,0x00000000f3a00000)
  to   space 15872K, 0% used [0x00000000f1d00000,0x00000000f1d00000,0x00000000f2c80000)
 ParOldGen       total 39424K, used 18551K [0x00000000c9e00000, 0x00000000cc480000, 0x00000000edf80000)
  object space 39424K, 47% used [0x00000000c9e00000,0x00000000cb01dfe8,0x00000000cc480000)
 Metaspace       used 34808K, capacity 35298K, committed 35496K, reserved 1081344K
  class space    used 4460K, capacity 4606K, committed 4608K, reserved 1048576K
}
Event: 7.695 GC heap before
{Heap before GC invocations=10 (full 2):
 PSYoungGen      total 76800K, used 13149K [0x00000000edf80000, 0x00000000f5180000, 0x0000000100000000)
  eden space 62976K, 0% used [0x00000000edf80000,0x00000000edf80000,0x00000000f1d00000)
  from space 13824K, 95% used [0x00000000f2c80000,0x00000000f3957410,0x00000000f3a00000)
  to   space 15872K, 0% used [0x00000000f1d00000,0x00000000f1d00000,0x00000000f2c80000)
 ParOldGen       total 39424K, used 18551K [0x00000000c9e00000, 0x00000000cc480000, 0x00000000edf80000)
  object space 39424K, 47% used [0x00000000c9e00000,0x00000000cb01dfe8,0x00000000cc480000)
 Metaspace       used 34808K, capacity 35298K, committed 35496K, reserved 1081344K
  class space    used 4460K, capacity 4606K, committed 4608K, reserved 1048576K
Event: 7.774 GC heap after
Heap after GC invocations=10 (full 2):
 PSYoungGen      total 76800K, used 0K [0x00000000edf80000, 0x00000000f5180000, 0x0000000100000000)
  eden space 62976K, 0% used [0x00000000edf80000,0x00000000edf80000,0x00000000f1d00000)
  from space 13824K, 0% used [0x00000000f2c80000,0x00000000f2c80000,0x00000000f3a00000)
  to   space 15872K, 0% used [0x00000000f1d00000,0x00000000f1d00000,0x00000000f2c80000)
 ParOldGen       total 62464K, used 18562K [0x00000000c9e00000, 0x00000000cdb00000, 0x00000000edf80000)
  object space 62464K, 29% used [0x00000000c9e00000,0x00000000cb020890,0x00000000cdb00000)
 Metaspace       used 34808K, capacity 35298K, committed 35496K, reserved 1081344K
  class space    used 4460K, capacity 4606K, committed 4608K, reserved 1048576K
}
Event: 10.481 GC heap before
{Heap before GC invocations=11 (full 2):
 PSYoungGen      total 76800K, used 62976K [0x00000000edf80000, 0x00000000f5180000, 0x0000000100000000)
  eden space 62976K, 100% used [0x00000000edf80000,0x00000000f1d00000,0x00000000f1d00000)
  from space 13824K, 0% used [0x00000000f2c80000,0x00000000f2c80000,0x00000000f3a00000)
  to   space 15872K, 0% used [0x00000000f1d00000,0x00000000f1d00000,0x00000000f2c80000)
 ParOldGen       total 62464K, used 18562K [0x00000000c9e00000, 0x00000000cdb00000, 0x00000000edf80000)
  object space 62464K, 29% used [0x00000000c9e00000,0x00000000cb020890,0x00000000cdb00000)
 Metaspace       used 40210K, capacity 40842K, committed 41088K, reserved 1085440K
  class space    used 5078K, capacity 5230K, committed 5248K, reserved 1048576K
Event: 10.508 GC heap after
Heap after GC invocations=11 (full 2):
 PSYoungGen      total 78848K, used 13200K [0x00000000edf80000, 0x00000000f4e80000, 0x0000000100000000)
  eden space 62976K, 0% used [0x00000000edf80000,0x00000000edf80000,0x00000000f1d00000)
  from space 15872K, 83% used [0x00000000f1d00000,0x00000000f29e43f0,0x00000000f2c80000)
  to   space 16896K, 0% used [0x00000000f3e00000,0x00000000f3e00000,0x00000000f4e80000)
 ParOldGen       total 62464K, used 18570K [0x00000000c9e00000, 0x00000000cdb00000, 0x00000000edf80000)
  object space 62464K, 29% used [0x00000000c9e00000,0x00000000cb022890,0x00000000cdb00000)
 Metaspace       used 40210K, capacity 40842K, committed 41088K, reserved 1085440K
  class space    used 5078K, capacity 5230K, committed 5248K, reserved 1048576K
}
Event: 13.502 GC heap before
{Heap before GC invocations=12 (full 2):
 PSYoungGen      total 78848K, used 76176K [0x00000000edf80000, 0x00000000f4e80000, 0x0000000100000000)
  eden space 62976K, 100% used [0x00000000edf80000,0x00000000f1d00000,0x00000000f1d00000)
  from space 15872K, 83% used [0x00000000f1d00000,0x00000000f29e43f0,0x00000000f2c80000)
  to   space 16896K, 0% used [0x00000000f3e00000,0x00000000f3e00000,0x00000000f4e80000)
 ParOldGen       total 62464K, used 18570K [0x00000000c9e00000, 0x00000000cdb00000, 0x00000000edf80000)
  object space 62464K, 29% used [0x00000000c9e00000,0x00000000cb022890,0x00000000cdb00000)
 Metaspace       used 44160K, capacity 44914K, committed 45312K, reserved 1089536K
  class space    used 5370K, capacity 5554K, committed 5632K, reserved 1048576K
Event: 13.533 GC heap after
Heap after GC invocations=12 (full 2):
 PSYoungGen      total 93184K, used 16895K [0x00000000edf80000, 0x00000000f5500000, 0x0000000100000000)
  eden space 76288K, 0% used [0x00000000edf80000,0x00000000edf80000,0x00000000f2a00000)
  from space 16896K, 99% used [0x00000000f3e00000,0x00000000f4e7fc10,0x00000000f4e80000)
  to   space 20480K, 0% used [0x00000000f2a00000,0x00000000f2a00000,0x00000000f3e00000)
 ParOldGen       total 62464K, used 21820K [0x00000000c9e00000, 0x00000000cdb00000, 0x00000000edf80000)
  object space 62464K, 34% used [0x00000000c9e00000,0x00000000cb34f320,0x00000000cdb00000)
 Metaspace       used 44160K, capacity 44914K, committed 45312K, reserved 1089536K
  class space    used 5370K, capacity 5554K, committed 5632K, reserved 1048576K
}
Event: 16.127 GC heap before
{Heap before GC invocations=13 (full 2):
 PSYoungGen      total 93184K, used 93183K [0x00000000edf80000, 0x00000000f5500000, 0x0000000100000000)
  eden space 76288K, 100% used [0x00000000edf80000,0x00000000f2a00000,0x00000000f2a00000)
  from space 16896K, 99% used [0x00000000f3e00000,0x00000000f4e7fc10,0x00000000f4e80000)
  to   space 20480K, 0% used [0x00000000f2a00000,0x00000000f2a00000,0x00000000f3e00000)
 ParOldGen       total 62464K, used 21820K [0x00000000c9e00000, 0x00000000cdb00000, 0x00000000edf80000)
  object space 62464K, 34% used [0x00000000c9e00000,0x00000000cb34f320,0x00000000cdb00000)
 Metaspace       used 45428K, capacity 46216K, committed 46464K, reserved 1089536K
  class space    used 5512K, capacity 5687K, committed 5760K, reserved 1048576K
Event: 16.179 GC heap after
Heap after GC invocations=13 (full 2):
 PSYoungGen      total 96768K, used 20472K [0x00000000edf80000, 0x00000000f5500000, 0x0000000100000000)
  eden space 76288K, 0% used [0x00000000edf80000,0x00000000edf80000,0x00000000f2a00000)
  from space 20480K, 99% used [0x00000000f2a00000,0x00000000f3dfe260,0x00000000f3e00000)
  to   space 16896K, 0% used [0x00000000f3e00000,0x00000000f3e00000,0x00000000f4e80000)
 ParOldGen       total 62464K, used 30499K [0x00000000c9e00000, 0x00000000cdb00000, 0x00000000edf80000)
  object space 62464K, 48% used [0x00000000c9e00000,0x00000000cbbc8d30,0x00000000cdb00000)
 Metaspace       used 45428K, capacity 46216K, committed 46464K, reserved 1089536K
  class space    used 5512K, capacity 5687K, committed 5760K, reserved 1048576K
}

