# JRE version: Java(TM) SE Runtime Environment (8.0_211-b12) (build 1.8.0_211-b12)
# Java VM: Java HotSpot(TM) 64-Bit Server VM (25.211-b12 mixed mode windows-amd64 compressed oops)
Heap:
 PSYoungGen      total 71168K, used 42350K [0x00000000edf80000, 0x00000000f3780000, 0x0000000100000000)
  eden space 57344K, 73% used [0x00000000edf80000,0x00000000f08dbab8,0x00000000f1780000)
  from space 13824K, 0% used [0x00000000f2a00000,0x00000000f2a00000,0x00000000f3780000)
  to   space 8704K, 0% used [0x00000000f1780000,0x00000000f1780000,0x00000000f2000000)
 ParOldGen       total 40960K, used 18479K [0x00000000c9e00000, 0x00000000cc600000, 0x00000000edf80000)
  object space 40960K, 45% used [0x00000000c9e00000,0x00000000cb00be30,0x00000000cc600000)
 Metaspace       used 39970K, capacity 40632K, committed 40832K, reserved 1085440K
  class space    used 5068K, capacity 5227K, committed 5248K, reserved 1048576K
GC Heap History (10 events):
Event: 2.996 GC heap before
{Heap before GC invocations=6 (full 1):
 PSYoungGen      total 31744K, used 2020K [0x00000000edf80000, 0x00000000f2a80000, 0x0000000100000000)
  eden space 29696K, 0% used [0x00000000edf80000,0x00000000edf80000,0x00000000efc80000)
  from space 2048K, 98% used [0x00000000efc80000,0x00000000efe79020,0x00000000efe80000)
  to   space 8704K, 0% used [0x00000000f2200000,0x00000000f2200000,0x00000000f2a80000)
 ParOldGen       total 38400K, used 16806K [0x00000000c9e00000, 0x00000000cc380000, 0x00000000edf80000)
  object space 38400K, 43% used [0x00000000c9e00000,0x00000000cae69898,0x00000000cc380000)
 Metaspace       used 20716K, capacity 21142K, committed 21296K, reserved 1069056K
  class space    used 2484K, capacity 2619K, committed 2688K, reserved 1048576K
Event: 3.041 GC heap after
Heap after GC invocations=6 (full 1):
 PSYoungGen      total 31744K, used 0K [0x00000000edf80000, 0x00000000f2a80000, 0x0000000100000000)
  eden space 29696K, 0% used [0x00000000edf80000,0x00000000edf80000,0x00000000efc80000)
  from space 2048K, 0% used [0x00000000efc80000,0x00000000efc80000,0x00000000efe80000)
  to   space 8704K, 0% used [0x00000000f2200000,0x00000000f2200000,0x00000000f2a80000)
 ParOldGen       total 40960K, used 11371K [0x00000000c9e00000, 0x00000000cc600000, 0x00000000edf80000)
  object space 40960K, 27% used [0x00000000c9e00000,0x00000000ca91ae70,0x00000000cc600000)
 Metaspace       used 20716K, capacity 21142K, committed 21296K, reserved 1069056K
  class space    used 2484K, capacity 2619K, committed 2688K, reserved 1048576K
}
Event: 4.284 GC heap before
{Heap before GC invocations=7 (full 1):
 PSYoungGen      total 31744K, used 29696K [0x00000000edf80000, 0x00000000f2a80000, 0x0000000100000000)
  eden space 29696K, 100% used [0x00000000edf80000,0x00000000efc80000,0x00000000efc80000)
  from space 2048K, 0% used [0x00000000efc80000,0x00000000efc80000,0x00000000efe80000)
  to   space 8704K, 0% used [0x00000000f2200000,0x00000000f2200000,0x00000000f2a80000)
 ParOldGen       total 40960K, used 11371K [0x00000000c9e00000, 0x00000000cc600000, 0x00000000edf80000)
  object space 40960K, 27% used [0x00000000c9e00000,0x00000000ca91ae70,0x00000000cc600000)
 Metaspace       used 23190K, capacity 23698K, committed 24064K, reserved 1071104K
  class space    used 2823K, capacity 2953K, committed 3072K, reserved 1048576K
Event: 4.295 GC heap after
Heap after GC invocations=7 (full 1):
 PSYoungGen      total 49664K, used 6304K [0x00000000edf80000, 0x00000000f2880000, 0x0000000100000000)
  eden space 43008K, 0% used [0x00000000edf80000,0x00000000edf80000,0x00000000f0980000)
  from space 6656K, 94% used [0x00000000f2200000,0x00000000f2828378,0x00000000f2880000)
  to   space 8704K, 0% used [0x00000000f1780000,0x00000000f1780000,0x00000000f2000000)
 ParOldGen       total 40960K, used 11379K [0x00000000c9e00000, 0x00000000cc600000, 0x00000000edf80000)
  object space 40960K, 27% used [0x00000000c9e00000,0x00000000ca91ce70,0x00000000cc600000)
 Metaspace       used 23190K, capacity 23698K, committed 24064K, reserved 1071104K
  class space    used 2823K, capacity 2953K, committed 3072K, reserved 1048576K
}
Event: 5.619 GC heap before
{Heap before GC invocations=8 (full 1):
 PSYoungGen      total 49664K, used 49312K [0x00000000edf80000, 0x00000000f2880000, 0x0000000100000000)
  eden space 43008K, 100% used [0x00000000edf80000,0x00000000f0980000,0x00000000f0980000)
  from space 6656K, 94% used [0x00000000f2200000,0x00000000f2828378,0x00000000f2880000)
  to   space 8704K, 0% used [0x00000000f1780000,0x00000000f1780000,0x00000000f2000000)
 ParOldGen       total 40960K, used 11379K [0x00000000c9e00000, 0x00000000cc600000, 0x00000000edf80000)
  object space 40960K, 27% used [0x00000000c9e00000,0x00000000ca91ce70,0x00000000cc600000)
 Metaspace       used 31109K, capacity 31645K, committed 31872K, reserved 1077248K
  class space    used 4003K, capacity 4144K, committed 4224K, reserved 1048576K
Event: 5.636 GC heap after
Heap after GC invocations=8 (full 1):
 PSYoungGen      total 66048K, used 8685K [0x00000000edf80000, 0x00000000f3780000, 0x0000000100000000)
  eden space 57344K, 0% used [0x00000000edf80000,0x00000000edf80000,0x00000000f1780000)
  from space 8704K, 99% used [0x00000000f1780000,0x00000000f1ffb5a0,0x00000000f2000000)
  to   space 13824K, 0% used [0x00000000f2a00000,0x00000000f2a00000,0x00000000f3780000)
 ParOldGen       total 40960K, used 18923K [0x00000000c9e00000, 0x00000000cc600000, 0x00000000edf80000)
  object space 40960K, 46% used [0x00000000c9e00000,0x00000000cb07acc0,0x00000000cc600000)
 Metaspace       used 31109K, capacity 31645K, committed 31872K, reserved 1077248K
  class space    used 4003K, capacity 4144K, committed 4224K, reserved 1048576K
}
Event: 6.451 GC heap before
{Heap before GC invocations=9 (full 1):
 PSYoungGen      total 66048K, used 28670K [0x00000000edf80000, 0x00000000f3780000, 0x0000000100000000)
  eden space 57344K, 34% used [0x00000000edf80000,0x00000000ef3043a8,0x00000000f1780000)
  from space 8704K, 99% used [0x00000000f1780000,0x00000000f1ffb5a0,0x00000000f2000000)
  to   space 13824K, 0% used [0x00000000f2a00000,0x00000000f2a00000,0x00000000f3780000)
 ParOldGen       total 40960K, used 18923K [0x00000000c9e00000, 0x00000000cc600000, 0x00000000edf80000)
  object space 40960K, 46% used [0x00000000c9e00000,0x00000000cb07acc0,0x00000000cc600000)
 Metaspace       used 34791K, capacity 35298K, committed 35496K, reserved 1081344K
  class space    used 4460K, capacity 4606K, committed 4608K, reserved 1048576K
Event: 6.466 GC heap after
Heap after GC invocations=9 (full 1):
 PSYoungGen      total 71168K, used 13080K [0x00000000edf80000, 0x00000000f3780000, 0x0000000100000000)
  eden space 57344K, 0% used [0x00000000edf80000,0x00000000edf80000,0x00000000f1780000)
  from space 13824K, 94% used [0x00000000f2a00000,0x00000000f36c6358,0x00000000f3780000)
  to   space 8704K, 0% used [0x00000000f1780000,0x00000000f1780000,0x00000000f2000000)
 ParOldGen       total 40960K, used 18992K [0x00000000c9e00000, 0x00000000cc600000, 0x00000000edf80000)
  object space 40960K, 46% used [0x00000000c9e00000,0x00000000cb08c120,0x00000000cc600000)
 Metaspace       used 34791K, capacity 35298K, committed 35496K, reserved 1081344K
  class space    used 4460K, capacity 4606K, committed 4608K, reserved 1048576K
}
Event: 6.466 GC heap before
{Heap before GC invocations=10 (full 2):
 PSYoungGen      total 71168K, used 13080K [0x00000000edf80000, 0x00000000f3780000, 0x0000000100000000)
  eden space 57344K, 0% used [0x00000000edf80000,0x00000000edf80000,0x00000000f1780000)
  from space 13824K, 94% used [0x00000000f2a00000,0x00000000f36c6358,0x00000000f3780000)
  to   space 8704K, 0% used [0x00000000f1780000,0x00000000f1780000,0x00000000f2000000)
 ParOldGen       total 40960K, used 18992K [0x00000000c9e00000, 0x00000000cc600000, 0x00000000edf80000)
  object space 40960K, 46% used [0x00000000c9e00000,0x00000000cb08c120,0x00000000cc600000)
 Metaspace       used 34791K, capacity 35298K, committed 35496K, reserved 1081344K
  class space    used 4460K, capacity 4606K, committed 4608K, reserved 1048576K
Event: 6.562 GC heap after
Heap after GC invocations=10 (full 2):
 PSYoungGen      total 71168K, used 0K [0x00000000edf80000, 0x00000000f3780000, 0x0000000100000000)
  eden space 57344K, 0% used [0x00000000edf80000,0x00000000edf80000,0x00000000f1780000)
  from space 13824K, 0% used [0x00000000f2a00000,0x00000000f2a00000,0x00000000f3780000)
  to   space 8704K, 0% used [0x00000000f1780000,0x00000000f1780000,0x00000000f2000000)
 ParOldGen       total 40960K, used 18479K [0x00000000c9e00000, 0x00000000cc600000, 0x00000000edf80000)
  object space 40960K, 45% used [0x00000000c9e00000,0x00000000cb00be30,0x00000000cc600000)
 Metaspace       used 34791K, capacity 35298K, committed 35496K, reserved 1081344K
  class space    used 4460K, capacity 4606K, committed 4608K, reserved 1048576K
}

